<?xml version="1.0" encoding="UTF-8"?>
<testng-results ignored="0" total="1" passed="1" failed="0" skipped="0">
  <reporter-output>
  </reporter-output>
  <suite started-at="2020-07-10T16:15:36 IST" name="Default suite" finished-at="2020-07-10T16:15:46 IST" duration-ms="9939">
    <groups>
    </groups>
    <test started-at="2020-07-10T16:15:36 IST" name="Default test" finished-at="2020-07-10T16:15:46 IST" duration-ms="9939">
      <class name="com.jsonxml.demo.Jsonxmltest">
        <test-method signature="getTest()[pri:0, instance:com.jsonxml.demo.Jsonxmltest@2cdd0d4b]" started-at="2020-07-10T16:15:36 IST" name="getTest" finished-at="2020-07-10T16:15:46 IST" duration-ms="9762" status="PASS">
          <reporter-output>
          </reporter-output>
        </test-method> <!-- getTest -->
      </class> <!-- com.jsonxml.demo.Jsonxmltest -->
    </test> <!-- Default test -->
  </suite> <!-- Default suite -->
</testng-results>
